{"level":"info","message":"Received request to check email: test2@gmail.com","timestamp":"2024-12-10 14:06:36"}
{"level":"info","message":"Email found in database: test2@gmail.com","timestamp":"2024-12-10 14:06:36"}
{"level":"info","message":"Validating password for userId: 67441e529913e67e4514bf3d","timestamp":"2024-12-10 14:06:38"}
{"level":"info","message":"Password validation successful for userId: 67441e529913e67e4514bf3d","timestamp":"2024-12-10 14:06:39"}
{"level":"info","message":"JWT token generated successfully for userId: 67441e529913e67e4514bf3d","timestamp":"2024-12-10 14:06:39"}
{"level":"info","message":"Setting cookie 'token' for userId: 67441e529913e67e4514bf3d","timestamp":"2024-12-10 14:06:39"}
{"level":"info","message":"Token received: eyJhbGciOiJIUzI1NiIsInR5cCI6IkpXVCJ9.eyJpZCI6IjY3NDQxZTUyOTkxM2U2N2U0NTE0YmYzZCIsImVtYWlsIjoidGVzdDJAZ21haWwuY29tIiwiaWF0IjoxNzMzODE5Nzk5LCJleHAiOjE3MzM5MDYxOTl9.Ka25gf_x7rW5eomDasptS5Q_XywGITv-1BAvaCP1Fxc","timestamp":"2024-12-10 14:06:39"}
{"level":"info","message":"User details fetched successfully for userId: 67441e529913e67e4514bf3d","timestamp":"2024-12-10 14:06:39"}
{"level":"info","message":"Token received: eyJhbGciOiJIUzI1NiIsInR5cCI6IkpXVCJ9.eyJpZCI6IjY3NDQxZTUyOTkxM2U2N2U0NTE0YmYzZCIsImVtYWlsIjoidGVzdDJAZ21haWwuY29tIiwiaWF0IjoxNzMzODE5Nzk5LCJleHAiOjE3MzM5MDYxOTl9.Ka25gf_x7rW5eomDasptS5Q_XywGITv-1BAvaCP1Fxc","timestamp":"2024-12-10 14:06:39"}
{"level":"info","message":"User details fetched successfully for userId: 67441e529913e67e4514bf3d","timestamp":"2024-12-10 14:06:39"}
{"level":"info","message":"Received request to check email: test5@gmail.com","timestamp":"2024-12-10 14:06:55"}
{"level":"info","message":"Email found in database: test5@gmail.com","timestamp":"2024-12-10 14:06:55"}
{"level":"info","message":"Validating password for userId: 674c3da30dcbcedb3056b6b8","timestamp":"2024-12-10 14:06:58"}
{"level":"error","message":"Invalid password for userId: 674c3da30dcbcedb3056b6b8","timestamp":"2024-12-10 14:06:58"}
{"level":"info","message":"Validating password for userId: 674c3da30dcbcedb3056b6b8","timestamp":"2024-12-10 14:07:01"}
{"level":"info","message":"Password validation successful for userId: 674c3da30dcbcedb3056b6b8","timestamp":"2024-12-10 14:07:01"}
{"level":"info","message":"JWT token generated successfully for userId: 674c3da30dcbcedb3056b6b8","timestamp":"2024-12-10 14:07:01"}
{"level":"info","message":"Setting cookie 'token' for userId: 674c3da30dcbcedb3056b6b8","timestamp":"2024-12-10 14:07:01"}
{"level":"info","message":"Token received: eyJhbGciOiJIUzI1NiIsInR5cCI6IkpXVCJ9.eyJpZCI6IjY3NGMzZGEzMGRjYmNlZGIzMDU2YjZiOCIsImVtYWlsIjoidGVzdDVAZ21haWwuY29tIiwiaWF0IjoxNzMzODE5ODIxLCJleHAiOjE3MzM5MDYyMjF9.ZnJZR93QSgy3QUPFVmCEeuDYZgmaPDKSRRBDOH-3lvs","timestamp":"2024-12-10 14:07:01"}
{"level":"info","message":"User details fetched successfully for userId: 674c3da30dcbcedb3056b6b8","timestamp":"2024-12-10 14:07:01"}
{"level":"info","message":"Token received: eyJhbGciOiJIUzI1NiIsInR5cCI6IkpXVCJ9.eyJpZCI6IjY3NGMzZGEzMGRjYmNlZGIzMDU2YjZiOCIsImVtYWlsIjoidGVzdDVAZ21haWwuY29tIiwiaWF0IjoxNzMzODE5ODIxLCJleHAiOjE3MzM5MDYyMjF9.ZnJZR93QSgy3QUPFVmCEeuDYZgmaPDKSRRBDOH-3lvs","timestamp":"2024-12-10 14:07:01"}
{"level":"info","message":"User details fetched successfully for userId: 674c3da30dcbcedb3056b6b8","timestamp":"2024-12-10 14:07:01"}
